<?xml version="1.0" encoding="UTF-8"?>
<!-- Generated by org.testng.reporters.JUnitReportReporter -->
<testsuite skipped="0" hostname="DESKTOP-LAO6R8V" name="uk.co.library.testsuite.JobSearchTest" tests="6" failures="0" timestamp="2022-12-16T00:05:29 GMT" time="47.508" errors="0">
  <testcase name="verifyJobSearchResultUsingDifferentDataSet" time="7.305" classname="uk.co.library.testsuite.JobSearchTest"/>
  <system-out>
    <![CDATA[Enter job titleHealth And Safety Advisor
Enter locationHarrow
Select distance [[ChromeDriver: chrome on WINDOWS (22a9327fcd0923e48e011e0e94bb1898)] -> id: distance]
Click on more search option link [[ChromeDriver: chrome on WINDOWS (22a9327fcd0923e48e011e0e94bb1898)] -> id: toggle-hp-search]
Enter minimum salary [[ChromeDriver: chrome on WINDOWS (22a9327fcd0923e48e011e0e94bb1898)] -> id: salarymin]
Enter maximum salary [[ChromeDriver: chrome on WINDOWS (22a9327fcd0923e48e011e0e94bb1898)] -> id: salarymax]
Select salary Type[[ChromeDriver: chrome on WINDOWS (22a9327fcd0923e48e011e0e94bb1898)] -> id: salarytype]
Select job type[[ChromeDriver: chrome on WINDOWS (22a9327fcd0923e48e011e0e94bb1898)] -> id: tempperm]
Click on find job search button
Verify the result[[ChromeDriver: chrome on WINDOWS (22a9327fcd0923e48e011e0e94bb1898)] -> xpath: //h1[@class='search-header__title']]]]>
  </system-out>
  <testcase name="verifyJobSearchResultUsingDifferentDataSet" time="7.217" classname="uk.co.library.testsuite.JobSearchTest"/>
  <system-out>
    <![CDATA[Enter job titleCustomer Assistant
Enter locationwatford
Select distance [[ChromeDriver: chrome on WINDOWS (f5ad3367f9ad2b79da308790243ae874)] -> id: distance]
Click on more search option link [[ChromeDriver: chrome on WINDOWS (f5ad3367f9ad2b79da308790243ae874)] -> id: toggle-hp-search]
Enter minimum salary [[ChromeDriver: chrome on WINDOWS (f5ad3367f9ad2b79da308790243ae874)] -> id: salarymin]
Enter maximum salary [[ChromeDriver: chrome on WINDOWS (f5ad3367f9ad2b79da308790243ae874)] -> id: salarymax]
Select salary Type[[ChromeDriver: chrome on WINDOWS (f5ad3367f9ad2b79da308790243ae874)] -> id: salarytype]
Select job type[[ChromeDriver: chrome on WINDOWS (f5ad3367f9ad2b79da308790243ae874)] -> id: tempperm]
Click on find job search button
Verify the result[[ChromeDriver: chrome on WINDOWS (f5ad3367f9ad2b79da308790243ae874)] -> xpath: //h1[@class='search-header__title']]]]>
  </system-out>
  <testcase name="verifyJobSearchResultUsingDifferentDataSet" time="10.360" classname="uk.co.library.testsuite.JobSearchTest"/>
  <system-out>
    <![CDATA[Enter job titleTester
Enter locationHarrow
Select distance [[ChromeDriver: chrome on WINDOWS (463bc3167a41ddb5e5bb90f21f644a0a)] -> id: distance]
Click on more search option link [[ChromeDriver: chrome on WINDOWS (463bc3167a41ddb5e5bb90f21f644a0a)] -> id: toggle-hp-search]
Enter minimum salary [[ChromeDriver: chrome on WINDOWS (463bc3167a41ddb5e5bb90f21f644a0a)] -> id: salarymin]
Enter maximum salary [[ChromeDriver: chrome on WINDOWS (463bc3167a41ddb5e5bb90f21f644a0a)] -> id: salarymax]
Select salary Type[[ChromeDriver: chrome on WINDOWS (463bc3167a41ddb5e5bb90f21f644a0a)] -> id: salarytype]
Select job type[[ChromeDriver: chrome on WINDOWS (463bc3167a41ddb5e5bb90f21f644a0a)] -> id: tempperm]
Click on find job search button
Verify the result[[ChromeDriver: chrome on WINDOWS (463bc3167a41ddb5e5bb90f21f644a0a)] -> xpath: //h1[@class='search-header__title']]]]>
  </system-out>
  <testcase name="verifyJobSearchResultUsingDifferentDataSet" time="7.039" classname="uk.co.library.testsuite.JobSearchTest"/>
  <system-out>
    <![CDATA[Enter job titleAccounts Assistant
Enter locationHarrow
Select distance [[ChromeDriver: chrome on WINDOWS (f5077a21cbd837c55dc3953a2a3fd113)] -> id: distance]
Click on more search option link [[ChromeDriver: chrome on WINDOWS (f5077a21cbd837c55dc3953a2a3fd113)] -> id: toggle-hp-search]
Enter minimum salary [[ChromeDriver: chrome on WINDOWS (f5077a21cbd837c55dc3953a2a3fd113)] -> id: salarymin]
Enter maximum salary [[ChromeDriver: chrome on WINDOWS (f5077a21cbd837c55dc3953a2a3fd113)] -> id: salarymax]
Select salary Type[[ChromeDriver: chrome on WINDOWS (f5077a21cbd837c55dc3953a2a3fd113)] -> id: salarytype]
Select job type[[ChromeDriver: chrome on WINDOWS (f5077a21cbd837c55dc3953a2a3fd113)] -> id: tempperm]
Click on find job search button
Verify the result[[ChromeDriver: chrome on WINDOWS (f5077a21cbd837c55dc3953a2a3fd113)] -> xpath: //h1[@class='search-header__title']]]]>
  </system-out>
  <testcase name="verifyJobSearchResultUsingDifferentDataSet" time="7.552" classname="uk.co.library.testsuite.JobSearchTest"/>
  <system-out>
    <![CDATA[Enter job titleTester
Enter locationBarbican,Grater London
Select distance [[ChromeDriver: chrome on WINDOWS (09b0adba4dffce21c2c7ded24ecbc164)] -> id: distance]
Click on more search option link [[ChromeDriver: chrome on WINDOWS (09b0adba4dffce21c2c7ded24ecbc164)] -> id: toggle-hp-search]
Enter minimum salary [[ChromeDriver: chrome on WINDOWS (09b0adba4dffce21c2c7ded24ecbc164)] -> id: salarymin]
Enter maximum salary [[ChromeDriver: chrome on WINDOWS (09b0adba4dffce21c2c7ded24ecbc164)] -> id: salarymax]
Select salary Type[[ChromeDriver: chrome on WINDOWS (09b0adba4dffce21c2c7ded24ecbc164)] -> id: salarytype]
Select job type[[ChromeDriver: chrome on WINDOWS (09b0adba4dffce21c2c7ded24ecbc164)] -> id: tempperm]
Click on find job search button
Verify the result[[ChromeDriver: chrome on WINDOWS (09b0adba4dffce21c2c7ded24ecbc164)] -> xpath: //h1[@class='search-header__title']]]]>
  </system-out>
  <testcase name="verifyJobSearchResultUsingDifferentDataSet" time="8.035" classname="uk.co.library.testsuite.JobSearchTest"/>
  <system-out>
    <![CDATA[Enter job titleCustomer Service Advisor
Enter locationBarbican, Greater London
Select distance [[ChromeDriver: chrome on WINDOWS (70fb98ed2cc7fa858f7aae41c64e4bdd)] -> id: distance]
Click on more search option link [[ChromeDriver: chrome on WINDOWS (70fb98ed2cc7fa858f7aae41c64e4bdd)] -> id: toggle-hp-search]
Enter minimum salary [[ChromeDriver: chrome on WINDOWS (70fb98ed2cc7fa858f7aae41c64e4bdd)] -> id: salarymin]
Enter maximum salary [[ChromeDriver: chrome on WINDOWS (70fb98ed2cc7fa858f7aae41c64e4bdd)] -> id: salarymax]
Select salary Type[[ChromeDriver: chrome on WINDOWS (70fb98ed2cc7fa858f7aae41c64e4bdd)] -> id: salarytype]
Select job type[[ChromeDriver: chrome on WINDOWS (70fb98ed2cc7fa858f7aae41c64e4bdd)] -> id: tempperm]
Click on find job search button
Verify the result[[ChromeDriver: chrome on WINDOWS (70fb98ed2cc7fa858f7aae41c64e4bdd)] -> xpath: //h1[@class='search-header__title']]]]>
  </system-out>
</testsuite> <!-- uk.co.library.testsuite.JobSearchTest -->
